-- Test pg_query_json extension
CREATE EXTENSION pg_query_json;
-- Test pg_parse_validate
SELECT pg_parse_validate('SELECT 1');
 pg_parse_validate
-------------------
 t
(1 row)

SELECT pg_parse_validate('SELECT * FROM users WHERE id = 1');
 pg_parse_validate
-------------------
 t
(1 row)

-- Test with invalid SQL (should error)
-- SELECT pg_parse_validate('SELCT 1');  -- uncomment to see error
-- Test pg_parse_stmt_count
SELECT pg_parse_stmt_count('SELECT 1');
 pg_parse_stmt_count
---------------------
                   1
(1 row)

SELECT pg_parse_stmt_count('SELECT 1; SELECT 2');
 pg_parse_stmt_count
---------------------
                   2
(1 row)

SELECT pg_parse_stmt_count('SELECT 1; SELECT 2; INSERT INTO t VALUES (1)');
 pg_parse_stmt_count
---------------------
                   3
(1 row)

-- Test pg_parse_tree - basic SELECT
SELECT pg_parse_tree('SELECT 1') IS NOT NULL AS has_tree;
 has_tree
----------
 t
(1 row)

-- Test pg_parse_tree - more complex query
SELECT pg_parse_tree('SELECT * FROM users WHERE id = 1') IS NOT NULL AS has_tree;
 has_tree
----------
 t
(1 row)

-- Test pg_parse_tree_with_locations
SELECT pg_parse_tree_with_locations('SELECT 1') IS NOT NULL AS has_tree;
 has_tree
----------
 t
(1 row)

-- Show actual output format (for documentation purposes)
SELECT pg_parse_tree('SELECT 1');
                                                                                                                                                             pg_parse_tree
----------------------------------------------------------------------------------------------------------------------------------------------------------------------------------------------------------------------------------------------------------------------------------------------------------------------------------------
 ({RAWSTMT :stmt {SELECT :distinctClause <> :intoClause <> :targetList ({RESTARGET :name <> :indirection <> :val {A_CONST :isnull false :val 1 :location 7} :location 7}) :fromClause <> :whereClause <> :groupClause <> :groupDistinct false :havingClause <> :windowClause <> :valuesLists <> :sortClause <> :limitOffset <> :limitCount <> :limitOption 0 :lockingClause <> :withClause <> :op 0 :all false :larg <> :rarg <>} :stmt_location 0 :stmt_len 0})
(1 row)

-- Clean up
DROP EXTENSION pg_query_json;
