-- Test pg_stat_statements_nsp extension
-- This extension works without shared_preload_libraries
-- First, ensure compute_query_id is enabled
SET compute_query_id = on;
-- Load the extension module (this simulates loading via LOAD command)
LOAD 'pg_stat_statements_nsp';
-- Create the extension (installs functions and views)
CREATE EXTENSION pg_stat_statements_nsp;
-- Reset any existing statistics
SELECT pg_stat_statements_nsp_reset();
 pg_stat_statements_nsp_reset
------------------------------

(1 row)

-- Run some test queries
SELECT 1 AS simple_select;
 simple_select
---------------
             1
(1 row)

SELECT 1 + 1 AS addition;
 addition
----------
        2
(1 row)

SELECT generate_series(1, 5);
 generate_series
-----------------
               1
               2
               3
               4
               5
(5 rows)

-- Create a test table and run some queries on it
CREATE TABLE test_nsp (id int, val text);
INSERT INTO test_nsp VALUES (1, 'one'), (2, 'two'), (3, 'three');
SELECT * FROM test_nsp WHERE id = 1;
 id | val
----+-----
  1 | one
(1 row)

UPDATE test_nsp SET val = 'ONE' WHERE id = 1;
DELETE FROM test_nsp WHERE id = 3;
-- Check that we have recorded statistics
-- Note: We check for non-zero calls rather than exact counts
-- because query IDs might vary across runs
SELECT
    calls > 0 AS has_calls,
    total_time >= 0 AS has_time,
    rows >= 0 AS has_rows
FROM pg_stat_statements_nsp
WHERE dbid = (SELECT oid FROM pg_database WHERE datname = current_database())
LIMIT 5;
 has_calls | has_time | has_rows
-----------+----------+----------
 t         | t        | t
 t         | t        | t
 t         | t        | t
 t         | t        | t
 t         | t        | t
(5 rows)

-- Check the view works
SELECT count(*) > 0 AS has_entries FROM pg_stat_statements_nsp;
 has_entries
-------------
 t
(1 row)

-- Clean up
DROP TABLE test_nsp;
SELECT pg_stat_statements_nsp_reset();
 pg_stat_statements_nsp_reset
------------------------------

(1 row)

DROP EXTENSION pg_stat_statements_nsp;
